CRITICAL - 2022-07-05 02:33:21 --> The framework needs the following extension(s) installed and loaded: curl, intl, mbstring.
in SYSTEMPATH\CodeIgniter.php on line 231.
 1 SYSTEMPATH\CodeIgniter.php(231): CodeIgniter\Exceptions\FrameworkException::forMissingExtension('curl, intl, mbstring')
 2 SYSTEMPATH\CodeIgniter.php(189): CodeIgniter\CodeIgniter->resolvePlatformExtensions()
 3 FCPATH\index.php(43): CodeIgniter\CodeIgniter->initialize()
CRITICAL - 2022-07-05 02:33:42 --> The framework needs the following extension(s) installed and loaded: curl, intl, mbstring.
in SYSTEMPATH\CodeIgniter.php on line 231.
 1 SYSTEMPATH\CodeIgniter.php(231): CodeIgniter\Exceptions\FrameworkException::forMissingExtension('curl, intl, mbstring')
 2 SYSTEMPATH\CodeIgniter.php(189): CodeIgniter\CodeIgniter->resolvePlatformExtensions()
 3 FCPATH\index.php(43): CodeIgniter\CodeIgniter->initialize()
CRITICAL - 2022-07-05 02:35:28 --> The framework needs the following extension(s) installed and loaded: curl, intl, mbstring.
in SYSTEMPATH\CodeIgniter.php on line 231.
 1 SYSTEMPATH\CodeIgniter.php(231): CodeIgniter\Exceptions\FrameworkException::forMissingExtension('curl, intl, mbstring')
 2 SYSTEMPATH\CodeIgniter.php(189): CodeIgniter\CodeIgniter->resolvePlatformExtensions()
 3 FCPATH\index.php(43): CodeIgniter\CodeIgniter->initialize()
CRITICAL - 2022-07-05 02:37:29 --> The framework needs the following extension(s) installed and loaded: curl, intl, mbstring.
in SYSTEMPATH\CodeIgniter.php on line 231.
 1 SYSTEMPATH\CodeIgniter.php(231): CodeIgniter\Exceptions\FrameworkException::forMissingExtension('curl, intl, mbstring')
 2 SYSTEMPATH\CodeIgniter.php(189): CodeIgniter\CodeIgniter->resolvePlatformExtensions()
 3 FCPATH\index.php(43): CodeIgniter\CodeIgniter->initialize()
